\BOOKMARK [1][-]{section.1}{Introduction}{}% 1
\BOOKMARK [1][-]{section.2}{Methods}{}% 2
\BOOKMARK [2][-]{subsection.2.1}{MixStyle}{section.2}% 3
\BOOKMARK [3][-]{subsubsection.2.1.1}{Image Variablity}{subsection.2.1}% 4
\BOOKMARK [3][-]{subsubsection.2.1.2}{Mechanism}{subsection.2.1}% 5
\BOOKMARK [3][-]{subsubsection.2.1.3}{Benefits}{subsection.2.1}% 6
\BOOKMARK [3][-]{subsubsection.2.1.4}{Integration}{subsection.2.1}% 7
\BOOKMARK [1][-]{section.3}{Experimental Setup}{}% 8
\BOOKMARK [2][-]{subsection.3.1}{Datasets}{section.3}% 9
\BOOKMARK [2][-]{subsection.3.2}{Technical Setup}{section.3}% 10
\BOOKMARK [2][-]{subsection.3.3}{Models and Metrics}{section.3}% 11
\BOOKMARK [1][-]{section.4}{Experiments \046 Results}{}% 12
\BOOKMARK [2][-]{subsection.4.1}{Experiments Overview}{section.4}% 13
\BOOKMARK [2][-]{subsection.4.2}{Effects of Configurations}{section.4}% 14
\BOOKMARK [2][-]{subsection.4.3}{Experimental Results}{section.4}% 15
\BOOKMARK [2][-]{subsection.4.4}{Ablation Studies}{section.4}% 16
\BOOKMARK [1][-]{section.5}{Discussion}{}% 17
\BOOKMARK [1][-]{section.6}{Conclusion}{}% 18
\BOOKMARK [1][-]{section.7}{Notation}{}% 19
\BOOKMARK [1][-]{appendix.A}{Appendix}{}% 20
